"../../../Engine/Content/Functions/Engine_MaterialFunctions01/Density/ExponentialDensity.uasset" 0
"../../../Engine/Content/Functions/Engine_MaterialFunctions01/Gradient/RadialGradientExponential.uasset" 1
"../../../../../Programming/Anti-Paratroopa/Anti_Paratroopa/Content/AutomotiveMaterials/LevelContent/Architecture/T_MeterGrid_01_M.uasset" 2
"../../../../../Programming/Anti-Paratroopa/Anti_Paratroopa/Content/AutomotiveMaterials/LevelContent/Architecture/M_CycWall_01.uasset" 3
"../../../../../Programming/Anti-Paratroopa/Anti_Paratroopa/Content/AutomotiveMaterials/LevelContent/Architecture/M_CycRoom_01.uasset" 4
"../../../../../Programming/Anti-Paratroopa/Anti_Paratroopa/Content/AutomotiveMaterials/LevelContent/Architecture/SM_CycRoom_01.uasset" 5
"../../../Engine/Content/Functions/Engine_MaterialFunctions01/Opacity/CameraDepthFade.uasset" 6
"../../../Engine/Content/EngineMaterials/T_Default_Material_Grid_M.uasset" 7
"../../../Engine/Content/EngineMaterials/T_Default_Material_Grid_N.uasset" 8
"../../../Engine/Content/EngineMaterials/WorldGridMaterial.uasset" 9
"../../../../../Programming/Anti-Paratroopa/Anti_Paratroopa/Content/AutomotiveMaterials/LevelContent/PreviewMesh/T_Mat_UnrealTech_01_D.uasset" 10
"../../../../../Programming/Anti-Paratroopa/Anti_Paratroopa/Content/AutomotiveMaterials/LevelContent/PreviewMesh/M_Mat_UnrealTech_automotive_01.uasset" 11
"../../../../../Programming/Anti-Paratroopa/Anti_Paratroopa/Content/AutomotiveMaterials/LevelContent/PreviewMesh/M_Mat_UnrealTech_automotive_02.uasset" 12
"../../../../../Programming/Anti-Paratroopa/Anti_Paratroopa/Content/AutomotiveMaterials/LevelContent/PreviewMesh/SM_MatPreviewMesh_02_Automotive.uasset" 13
"../../../../../Programming/Anti-Paratroopa/Anti_Paratroopa/Content/AutomotiveMaterials/LevelContent/HDRI/HDRI_Epic_Courtyard_Daylight.uasset" 14
"../../../../../Programming/Anti-Paratroopa/Anti_Paratroopa/Content/AutomotiveMaterials/LevelContent/Skybox/M_HDRSky.uasset" 15
"../../../../../Programming/Anti-Paratroopa/Anti_Paratroopa/Content/AutomotiveMaterials/LevelContent/Skybox/MI_HDRSky.uasset" 16
"../../../Engine/Content/Functions/Engine_MaterialFunctions01/Gradient/LinearGradient.uasset" 17
"../../../Engine/Content/Functions/Engine_MaterialFunctions01/ImageAdjustment/CheapContrast.uasset" 18
"../../../Engine/Content/Functions/Engine_MaterialFunctions02/SafeNormalize.uasset" 19
"../../../Engine/Content/Functions/Engine_MaterialFunctions02/Math/CreateThirdOrthogonalVector.uasset" 20
"../../../Engine/Content/Functions/Engine_MaterialFunctions02/Utility/BreakOutFloat3Components.uasset" 21
"../../../Engine/Content/Functions/Engine_MaterialFunctions02/Math/Transform3x3Matrix.uasset" 22
"../../../Engine/Content/Functions/Engine_MaterialFunctions02/Utility/BreakOutFloat2Components.uasset" 23
"../../../Engine/Content/Functions/Engine_MaterialFunctions02/Utility/MakeFloat3.uasset" 24
"../../../Engine/Content/Functions/Engine_MaterialFunctions02/ExampleContent/Textures/SphereRenderNormalsMap.uasset" 25
"../../../Engine/Content/Functions/Engine_MaterialFunctions02/WorldAlignedNormals_HighQuality.uasset" 26
"../../../Engine/Content/EngineMaterials/DefaultNormal_Uncompressed.uasset" 27
"../../../Engine/Content/Functions/Engine_MaterialFunctions01/Texturing/WorldAlignedNormal.uasset" 28
"../../../Engine/Content/EngineMaterials/DefaultDiffuse.uasset" 29
"../../../Engine/Content/Functions/Engine_MaterialFunctions01/Texturing/WorldAlignedTexture.uasset" 30
"../../../../../Programming/Anti-Paratroopa/Anti_Paratroopa/Content/AutomotiveMaterials/Textures/CarPaint/T_Bump_N.uasset" 31
"../../../../../Programming/Anti-Paratroopa/Anti_Paratroopa/Content/AutomotiveMaterials/Textures/CarPaint/T_FlakeMask.uasset" 32
"../../../../../Programming/Anti-Paratroopa/Anti_Paratroopa/Content/AutomotiveMaterials/Materials/CaliperPaint/M_Caliper_Flake.uasset" 33
"../../../Engine/Content/Functions/Engine_MaterialFunctions02/Math/TimeWithSpeedVariable.uasset" 34
"../../../Engine/Content/Functions/Engine_MaterialFunctions02/Texturing/HeightLerpWithTwoHeightMaps.uasset" 35
"../../../Engine/Content/Functions/Engine_MaterialFunctions02/Texturing/WorldAlignedTextures_Complex.uasset" 36
"../../../../../Programming/Anti-Paratroopa/Anti_Paratroopa/Content/AutomotiveMaterials/Materials/Functions/MF_Sparkle_random.uasset" 37
"../../../Engine/Content/EngineMaterials/RandomAngles.uasset" 38
"../../../../../Programming/Anti-Paratroopa/Anti_Paratroopa/Content/AutomotiveMaterials/Textures/CarbonFiber/T_MetalFlakes_N.uasset" 39
"../../../../../Programming/Anti-Paratroopa/Anti_Paratroopa/Content/AutomotiveMaterials/Materials/CarPaint/M_Carpaint.uasset" 40
"../../../../../Programming/Anti-Paratroopa/Anti_Paratroopa/Content/AutomotiveMaterials/Materials/CarPaint/MI_CarPaint_01_Black.uasset" 41
"../../../../../Programming/Anti-Paratroopa/Anti_Paratroopa/Content/AutomotiveMaterials/Materials/CarPaint/MI_CarPaint_03_RedBlack.uasset" 42
"../../../../../Programming/Anti-Paratroopa/Anti_Paratroopa/Content/AutomotiveMaterials/Materials/CarPaint/MI_CarPaint_04_DarkGrey.uasset" 43
"../../../../../Programming/Anti-Paratroopa/Anti_Paratroopa/Content/AutomotiveMaterials/Materials/CarPaint/MI_CarPaint_05_White.uasset" 44
"../../../../../Programming/Anti-Paratroopa/Anti_Paratroopa/Content/AutomotiveMaterials/Materials/CarPaint/MI_CarPaint_06_WhitePearl.uasset" 45
"../../../../../Programming/Anti-Paratroopa/Anti_Paratroopa/Content/AutomotiveMaterials/Materials/CarPaint/MI_CarPaint_07_Silver.uasset" 46
"../../../../../Programming/Anti-Paratroopa/Anti_Paratroopa/Content/AutomotiveMaterials/Materials/CarPaint/MI_CarPaint_09_Grey.uasset" 47
"../../../../../Programming/Anti-Paratroopa/Anti_Paratroopa/Content/AutomotiveMaterials/Materials/CarPaint/MI_CarPaint_11_Orange.uasset" 48
"../../../../../Programming/Anti-Paratroopa/Anti_Paratroopa/Content/AutomotiveMaterials/Materials/CarPaint/MI_CarPaint_13_Green.uasset" 49
"../../../../../Programming/Anti-Paratroopa/Anti_Paratroopa/Content/AutomotiveMaterials/Materials/ExhaustFinish/M_Exhaust_Siver.uasset" 50
"../../../../../Programming/Anti-Paratroopa/Anti_Paratroopa/Content/AutomotiveMaterials/Materials/ExhaustFinish/MI_Exhaust_Silver.uasset" 51
"../../../Engine/Content/EngineDebugMaterials/HeatmapGradient.uasset" 52
"../../../Engine/Content/Functions/Engine_MaterialFunctions01/ImageAdjustment/CheapContrast_RGB.uasset" 53
"../../../../../Programming/Anti-Paratroopa/Anti_Paratroopa/Content/AutomotiveMaterials/Textures/ExhaustFinish/T_Metal_BC.uasset" 54
"../../../../../Programming/Anti-Paratroopa/Anti_Paratroopa/Content/AutomotiveMaterials/Materials/ExhaustFinish/M_Exhaust_Stealth.uasset" 55
"../../../../../Programming/Anti-Paratroopa/Anti_Paratroopa/Content/AutomotiveMaterials/Materials/ExhaustFinish/MI_Exhaust_Stealth.uasset" 56
"../../../Engine/Content/Functions/Engine_MaterialFunctions02/Utility/BlendAngleCorrectedNormals.uasset" 57
"../../../../../Programming/Anti-Paratroopa/Anti_Paratroopa/Content/AutomotiveMaterials/Materials/Functions/MatLayerBlend_Standard_BlendAngleCorrectedNormal.uasset" 58
"../../../../../Programming/Anti-Paratroopa/Anti_Paratroopa/Content/AutomotiveMaterials/Materials/Functions/MF_BrakeRotor_Radial_Iron.uasset" 59
"../../../Engine/Content/Functions/Engine_MaterialFunctions02/Utility/BumpOffset_Advanced.uasset" 60
"../../../../../Programming/Anti-Paratroopa/Anti_Paratroopa/Content/AutomotiveMaterials/Textures/Leather/T_PerforationMask.uasset" 61
"../../../../../Programming/Anti-Paratroopa/Anti_Paratroopa/Content/AutomotiveMaterials/Materials/Functions/WorldAlignedTexture_Bumpoffset.uasset" 62
"../../../../../Programming/Anti-Paratroopa/Anti_Paratroopa/Content/AutomotiveMaterials/Textures/Leather/T_Leather_01_AO.uasset" 63
"../../../../../Programming/Anti-Paratroopa/Anti_Paratroopa/Content/AutomotiveMaterials/Textures/Leather/T_Leather_01_N.uasset" 64
"../../../../../Programming/Anti-Paratroopa/Anti_Paratroopa/Content/AutomotiveMaterials/Textures/Leather/T_Leather_01_R.uasset" 65
"../../../../../Programming/Anti-Paratroopa/Anti_Paratroopa/Content/AutomotiveMaterials/Textures/Leather/T_Perforation_N.uasset" 66
"../../../../../Programming/Anti-Paratroopa/Anti_Paratroopa/Content/AutomotiveMaterials/Materials/Leather/M_Leather.uasset" 67
"../../../../../Programming/Anti-Paratroopa/Anti_Paratroopa/Content/AutomotiveMaterials/Materials/Leather/MI_Leather_08_Tan_Sandy.uasset" 68
"../../../../../Programming/Anti-Paratroopa/Anti_Paratroopa/Content/AutomotiveMaterials/Materials/Leather/Perforated/MI_MasterPerforated.uasset" 69
"../../../../../Programming/Anti-Paratroopa/Anti_Paratroopa/Content/AutomotiveMaterials/Materials/Leather/Perforated/MI_PF_Green.uasset" 70
"../../../../../Programming/Anti-Paratroopa/Anti_Paratroopa/Content/AutomotiveMaterials/Materials/Leather/Perforated/MI_PF_Grey.uasset" 71
"../../../../../Programming/Anti-Paratroopa/Anti_Paratroopa/Content/AutomotiveMaterials/Materials/Leather/Perforated/MI_PF_Orange.uasset" 72
"../../../../../Programming/Anti-Paratroopa/Anti_Paratroopa/Content/AutomotiveMaterials/Materials/Leather/Perforated/MI_PF_Tan.uasset" 73
"../../../../../Programming/Anti-Paratroopa/Anti_Paratroopa/Content/AutomotiveMaterials/Materials/Leather/Perforated/MI_PF_Tan_Sandy.uasset" 74
"../../../../../Programming/Anti-Paratroopa/Anti_Paratroopa/Content/AutomotiveMaterials/Materials/Plastic/M_Plastic_Matte.uasset" 75
"../../../../../Programming/Anti-Paratroopa/Anti_Paratroopa/Content/AutomotiveMaterials/Materials/Rim/M_Rim.uasset" 76
"../../../../../Programming/Anti-Paratroopa/Anti_Paratroopa/Content/AutomotiveMaterials/Materials/Rim/MI_Rim_BlueBlack.uasset" 77
"../../../../../Programming/Anti-Paratroopa/Anti_Paratroopa/Content/AutomotiveMaterials/Materials/Rim/M_Rim_Brushed.uasset" 78
"../../../../../Programming/Anti-Paratroopa/Anti_Paratroopa/Content/AutomotiveMaterials/Materials/Rim/MI_Rim_Brushed.uasset" 79
"../../../../../Programming/Anti-Paratroopa/Anti_Paratroopa/Content/AutomotiveMaterials/Materials/Rim/MI_Rim_Grey.uasset" 80
"../../../../../Programming/Anti-Paratroopa/Anti_Paratroopa/Content/AutomotiveMaterials/Materials/Rim/MI_Rim_Silver.uasset" 81
"../../../Engine/Content/Functions/MaterialLayerFunctions/MatLayerBlend_Standard.uasset" 82
"../../../Engine/Content/EngineMaterials/FlatNormal.uasset" 83
"../../../../../Programming/Anti-Paratroopa/Anti_Paratroopa/Content/AutomotiveMaterials/Materials/Rim/M_Rim_TwoTone.uasset" 84
"../../../../../Programming/Anti-Paratroopa/Anti_Paratroopa/Content/AutomotiveMaterials/Materials/Rim/MI_Rim_TwoTone.uasset" 85
"../../../../../Programming/Anti-Paratroopa/Anti_Paratroopa/Content/AutomotiveMaterials/Textures/Rubber/T_TireRubber_R.uasset" 86
"../../../../../Programming/Anti-Paratroopa/Anti_Paratroopa/Content/AutomotiveMaterials/Textures/Tire/T_TireSidewall_EpicVer_Release_N.uasset" 87
"../../../../../Programming/Anti-Paratroopa/Anti_Paratroopa/Content/AutomotiveMaterials/Materials/Rubber/M_TireRubber.uasset" 88
"../../../../../Programming/Anti-Paratroopa/Anti_Paratroopa/Content/AutomotiveMaterials/Materials/Rubber/MI_Rubber.uasset" 89
"../../../../../Programming/Anti-Paratroopa/Anti_Paratroopa/Content/AutomotiveMaterials/Materials/Rubber/MI_Tire.uasset" 90
"../../../../../Programming/Anti-Paratroopa/Anti_Paratroopa/Content/AutomotiveMaterials/Textures/BrakeRotor/T_CarbonCeramic_N.uasset" 91
"../../../../../Programming/Anti-Paratroopa/Anti_Paratroopa/Content/AutomotiveMaterials/Textures/BrakeRotor/T_CarbonCeramic_R.uasset" 92
"../../../../../Programming/Anti-Paratroopa/Anti_Paratroopa/Content/AutomotiveMaterials/Textures/CarbonFiber/T_CarbonFiber_Twill_N.uasset" 93
"../../../../../Programming/Anti-Paratroopa/Anti_Paratroopa/Content/AutomotiveMaterials/Textures/CarbonFiber/T_CarbonFiber_Twill_R.uasset" 94
"../../../../../Programming/Anti-Paratroopa/Anti_Paratroopa/Content/AutomotiveMaterials/Textures/Fabric/T_Fabric_ArchLiner_D.uasset" 95
"../../../../../Programming/Anti-Paratroopa/Anti_Paratroopa/Content/AutomotiveMaterials/Textures/Fabric/T_Fabric_ArchLiner_N.uasset" 96
"../../../../../Programming/Anti-Paratroopa/Anti_Paratroopa/Content/AutomotiveMaterials/Textures/Plastic/T_Metal_Dark_D.uasset" 97
"../../../../../Programming/Anti-Paratroopa/Anti_Paratroopa/Content/AutomotiveMaterials/Textures/Reflector/T_PlasticDirt.uasset" 98
"../../../../../Programming/Anti-Paratroopa/Anti_Paratroopa/Content/AutomotiveMaterials/Textures/Reflector/T_ReflectorHexagon_N.uasset" 99
"../../../../../Programming/Anti-Paratroopa/Anti_Paratroopa/Content/AutomotiveMaterials/Textures/Reflector/T_ReflectorHoneyComb_N.uasset" 100
"../../../../../Programming/Anti-Paratroopa/Anti_Paratroopa/Content/AutomotiveMaterials/Textures/Reflector/T_ReflectorTri_N.uasset" 101
"../../../../../Programming/Anti-Paratroopa/Anti_Paratroopa/Content/AutomotiveMaterials/Textures/Tire/T_TireSidewall_EpicVer_UV.uasset" 102
"../../../../../Programming/Anti-Paratroopa/Anti_Paratroopa/Content/Biplane/Biplane_Diffuse.uasset" 103
"../../../../../Programming/Anti-Paratroopa/Anti_Paratroopa/Content/Biplane/Biplane_Normal.uasset" 104
"../../../../../Programming/Anti-Paratroopa/Anti_Paratroopa/Content/Biplane/Biplane_Wing_Diffuse.uasset" 105
"../../../../../Programming/Anti-Paratroopa/Anti_Paratroopa/Content/Biplane/Biplane_Wing_Normal.uasset" 106
"../../../../../Programming/Anti-Paratroopa/Anti_Paratroopa/Content/Biplane/Capture.uasset" 107
"../../../Engine/Content/EditorBlueprintResources/StandardMacros.uasset" 108
"../../../../../Programming/Anti-Paratroopa/Anti_Paratroopa/Content/AutomotiveMaterials/Materials/CarPaint/MI_CarPaint_02_DarkRedBlack.uasset" 109
"../../../../../Programming/Anti-Paratroopa/Anti_Paratroopa/Content/AutomotiveMaterials/Materials/CarPaint/MI_CarPaint_08_BlueSilver.uasset" 110
"../../../../../Programming/Anti-Paratroopa/Anti_Paratroopa/Content/AutomotiveMaterials/Materials/CarPaint/MI_CarPaint_14_Blue.uasset" 111
"../../../../../Programming/Anti-Paratroopa/Anti_Paratroopa/Content/AutomotiveMaterials/Materials/Leather/MI_Leather_06_Tan.uasset" 112
"../../../../../Programming/Anti-Paratroopa/Anti_Paratroopa/Content/AutomotiveMaterials/Materials/Leather/MI_Leather_09_Orange.uasset" 113
"../../../../../Programming/Anti-Paratroopa/Anti_Paratroopa/Content/AutomotiveMaterials/Materials/Leather/MI_Leather_10_Orange_Yellow.uasset" 114
"../../../../../Programming/Anti-Paratroopa/Anti_Paratroopa/Content/AutomotiveMaterials/Materials/Leather/MI_Leather_11_Red.uasset" 115
"../../../../../Programming/Anti-Paratroopa/Anti_Paratroopa/Content/AutomotiveMaterials/Materials/Leather/MI_Leather_12_Green.uasset" 116
"../../../../../Programming/Anti-Paratroopa/Anti_Paratroopa/Content/AutomotiveMaterials/Materials/Plastic/M_Plastic_Coated_Black.uasset" 117
"../../../../../Programming/Anti-Paratroopa/Anti_Paratroopa/Content/AutomotiveMaterials/Materials/Plastic/MI_Plastic_Coated_Black.uasset" 118
"../../../Engine/Content/Functions/MaterialLayerFunctions/MatLayerBlend_NormalBlend.uasset" 119
"../../../Engine/Content/Functions/MaterialLayerFunctions/MatLayerBlend_Simple.uasset" 120
"../../../../../Programming/Anti-Paratroopa/Anti_Paratroopa/Content/Mannequin/Character/Materials/MaterialLayers/T_ML_Rubber_Blue_01_D.uasset" 121
"../../../../../Programming/Anti-Paratroopa/Anti_Paratroopa/Content/Mannequin/Character/Materials/MaterialLayers/T_ML_Rubber_Blue_01_N.uasset" 122
"../../../../../Programming/Anti-Paratroopa/Anti_Paratroopa/Content/Mannequin/Character/Materials/MaterialLayers/ML_GlossyBlack_Latex_UE4.uasset" 123
"../../../../../Programming/Anti-Paratroopa/Anti_Paratroopa/Content/Mannequin/Character/Materials/MaterialLayers/ML_Plastic_Shiny_Beige.uasset" 124
"../../../../../Programming/Anti-Paratroopa/Anti_Paratroopa/Content/Mannequin/Character/Textures/UE4_LOGO_CARD.uasset" 125
"../../../../../Programming/Anti-Paratroopa/Anti_Paratroopa/Content/Mannequin/Character/Materials/MaterialLayers/ML_Plastic_Shiny_Beige_LOGO.uasset" 126
"../../../../../Programming/Anti-Paratroopa/Anti_Paratroopa/Content/Mannequin/Character/Materials/MaterialLayers/T_ML_Aluminum01.uasset" 127
"../../../../../Programming/Anti-Paratroopa/Anti_Paratroopa/Content/Mannequin/Character/Materials/MaterialLayers/T_ML_Aluminum01_N.uasset" 128
"../../../../../Programming/Anti-Paratroopa/Anti_Paratroopa/Content/Mannequin/Character/Materials/MaterialLayers/ML_SoftMetal_UE4.uasset" 129
"../../../../../Programming/Anti-Paratroopa/Anti_Paratroopa/Content/Mannequin/Character/Textures/UE4_Mannequin__normals.uasset" 130
"../../../../../Programming/Anti-Paratroopa/Anti_Paratroopa/Content/Mannequin/Character/Textures/UE4_Mannequin_MAT_MASKA.uasset" 131
"../../../../../Programming/Anti-Paratroopa/Anti_Paratroopa/Content/Mannequin/Character/Materials/M_UE4Man_Body.uasset" 132
"../../../../../Programming/Anti-Paratroopa/Anti_Paratroopa/Content/Mannequin/Character/Textures/UE4Man_Logo_N.uasset" 133
"../../../../../Programming/Anti-Paratroopa/Anti_Paratroopa/Content/Mannequin/Character/Materials/M_UE4Man_ChestLogo.uasset" 134
"../../../../../Programming/Anti-Paratroopa/Anti_Paratroopa/Content/Geometry/Meshes/CubeMaterial.uasset" 135
"../../../../../Programming/Anti-Paratroopa/Anti_Paratroopa/Content/Geometry/Meshes/1M_Cube.uasset" 136
"../../../../../Programming/Anti-Paratroopa/Anti_Paratroopa/Content/Mannequin/Character/Mesh/SK_Mannequin_PhysicsAsset.uasset" 137
"../../../../../Programming/Anti-Paratroopa/Anti_Paratroopa/Content/Mannequin/Character/Mesh/UE4_Mannequin_Skeleton.uasset" 138
"../../../../../Programming/Anti-Paratroopa/Anti_Paratroopa/Content/Mannequin/Character/Mesh/SK_Mannequin.uasset" 139
"../../../../../Programming/Anti-Paratroopa/Anti_Paratroopa/Content/StarterContent/Materials/M_Basic_Wall.uasset" 140
"../../../../../Programming/Anti-Paratroopa/Anti_Paratroopa/Content/StarterContent/Shapes/Shape_Pipe.uasset" 141
"../../../../../Programming/Anti-Paratroopa/Anti_Paratroopa/Content/Blueprints/Enemy.uasset" 142
"../../../../../Programming/Anti-Paratroopa/Anti_Paratroopa/Content/Biplane/Fbx_Default_Material_1.uasset" 143
"../../../../../Programming/Anti-Paratroopa/Anti_Paratroopa/Content/Biplane/M_UE4Man_Body1.uasset" 144
"../../../../../Programming/Anti-Paratroopa/Anti_Paratroopa/Content/Biplane/MannequinPosed_mesh.uasset" 145
"../../../../../Programming/Anti-Paratroopa/Anti_Paratroopa/Content/Audio/WastedSound.uasset" 146
"../../../../../Programming/Anti-Paratroopa/Anti_Paratroopa/Content/Images/MiddleFlair.uasset" 147
"../../../../../Programming/Anti-Paratroopa/Anti_Paratroopa/Content/Images/MissionFailed.uasset" 148
"../../../../../Programming/Anti-Paratroopa/Anti_Paratroopa/Content/Images/wasted.uasset" 149
"../../../../../Programming/Anti-Paratroopa/Anti_Paratroopa/Content/Blueprints/Widgets/MainGame/GameOver.uasset" 150
"../../../../../Programming/Anti-Paratroopa/Anti_Paratroopa/Content/StarterContent/Textures/T_Burst_M.uasset" 151
"../../../../../Programming/Anti-Paratroopa/Anti_Paratroopa/Content/StarterContent/Particles/Materials/M_Burst.uasset" 152
"../../../../../Programming/Anti-Paratroopa/Anti_Paratroopa/Content/StarterContent/Textures/T_Explosion_SubUV.uasset" 153
"../../../../../Programming/Anti-Paratroopa/Anti_Paratroopa/Content/StarterContent/Particles/Materials/M_explosion_subUV.uasset" 154
"../../../../../Programming/Anti-Paratroopa/Anti_Paratroopa/Content/StarterContent/Particles/Materials/m_flare_01.uasset" 155
"../../../Engine/Content/Functions/Engine_MaterialFunctions01/Gradient/RadialGradient.uasset" 156
"../../../../../Programming/Anti-Paratroopa/Anti_Paratroopa/Content/StarterContent/Particles/Materials/M_radial_ramp.uasset" 157
"../../../../../Programming/Anti-Paratroopa/Anti_Paratroopa/Content/StarterContent/Textures/T_Smoke_SubUV.uasset" 158
"../../../../../Programming/Anti-Paratroopa/Anti_Paratroopa/Content/StarterContent/Textures/T_Smoke_Tiled_D.uasset" 159
"../../../../../Programming/Anti-Paratroopa/Anti_Paratroopa/Content/StarterContent/Particles/Materials/M_smoke_subUV.uasset" 160
"../../../../../Programming/Anti-Paratroopa/Anti_Paratroopa/Content/StarterContent/Particles/P_Explosion.uasset" 161
"../../../../../Programming/Anti-Paratroopa/Anti_Paratroopa/Content/Blueprints/PlaneDeath.uasset" 162
"../../../../../Programming/Anti-Paratroopa/Anti_Paratroopa/Content/Blueprints/PlaneGameInstance.uasset" 163
"../../../../../Programming/Anti-Paratroopa/Anti_Paratroopa/Content/Images/BaseCursorUI.uasset" 164
"../../../../../Programming/Anti-Paratroopa/Anti_Paratroopa/Content/Images/TargetBaseCursorUI.uasset" 165
"../../../../../Programming/Anti-Paratroopa/Anti_Paratroopa/Content/Blueprints/Widgets/MainGame/PlayerCross.uasset" 166
"../../../../../Programming/Anti-Paratroopa/Anti_Paratroopa/Content/AutomotiveMaterials/Materials/CarPaint/MI_CarPaint_10_Red.uasset" 167
"../../../../../Programming/Anti-Paratroopa/Anti_Paratroopa/Content/AutomotiveMaterials/Materials/CarPaint/MI_CarPaint_12_Yellow.uasset" 168
"../../../../../Programming/Anti-Paratroopa/Anti_Paratroopa/Content/Audio/Crash_Background.uasset" 169
"../../../../../Programming/Anti-Paratroopa/Anti_Paratroopa/Content/Audio/EnergySound.uasset" 170
"../../../../../Programming/Anti-Paratroopa/Anti_Paratroopa/Content/Audio/Game_win.uasset" 171
"../../../../../Programming/Anti-Paratroopa/Anti_Paratroopa/Content/Audio/PlaneSound.uasset" 172
"../../../../../Programming/Anti-Paratroopa/Anti_Paratroopa/Content/Biplane/Biplane.uasset" 173
"../../../../../Programming/Anti-Paratroopa/Anti_Paratroopa/Content/Biplane/BiplaneWing.uasset" 174
"../../../../../Programming/Anti-Paratroopa/Anti_Paratroopa/Content/Biplane/Biplane_rigged_PhysicsAsset.uasset" 175
"../../../../../Programming/Anti-Paratroopa/Anti_Paratroopa/Content/Biplane/Biplane_rigged_Skeleton.uasset" 176
"../../../../../Programming/Anti-Paratroopa/Anti_Paratroopa/Content/Biplane/Biplane_rigged.uasset" 177
"../../../../../Programming/Anti-Paratroopa/Anti_Paratroopa/Content/Blueprints/Plane.uasset" 178
"../../../../../Programming/Anti-Paratroopa/Anti_Paratroopa/Content/Blueprints/Widgets/MainGame/Pause.uasset" 179
"../../../../../Programming/Anti-Paratroopa/Anti_Paratroopa/Content/Images/Alarm.uasset" 180
"../../../../../Programming/Anti-Paratroopa/Anti_Paratroopa/Content/Images/Game_win.uasset" 181
"../../../../../Programming/Anti-Paratroopa/Anti_Paratroopa/Content/Images/RangeUI.uasset" 182
"../../../../../Programming/Anti-Paratroopa/Anti_Paratroopa/Content/Blueprints/Widgets/MainGame/PlayerBounds.uasset" 183
"../../../../../Programming/Anti-Paratroopa/Anti_Paratroopa/Content/Blueprints/HUD/PlayerHUD.uasset" 184
"../../../../../Programming/Anti-Paratroopa/Anti_Paratroopa/Content/Blueprints/PlaneController.uasset" 185
"../../../../../Programming/Anti-Paratroopa/Anti_Paratroopa/Content/StarterContent/Textures/T_MacroVariation.uasset" 186
"../../../../../Programming/Anti-Paratroopa/Anti_Paratroopa/Content/StarterContent/Materials/M_Metal_Brushed_Nickel.uasset" 187
"../../../../../Programming/Anti-Paratroopa/Anti_Paratroopa/Content/AutomotiveMaterials/Materials/CaliperPaint/M_Caliper.uasset" 188
"../../../../../Programming/Anti-Paratroopa/Anti_Paratroopa/Content/AutomotiveMaterials/Materials/CaliperPaint/MI_Caliper_Yellow.uasset" 189
"../../../../../Programming/Anti-Paratroopa/Anti_Paratroopa/Content/StarterContent/Shapes/Shape_Sphere.uasset" 190
"../../../../../Programming/Anti-Paratroopa/Anti_Paratroopa/Content/Blueprints/Ring.uasset" 191
"../../../../../Programming/Anti-Paratroopa/Anti_Paratroopa/Content/Blueprints/Gamemodes/FlyingGameMode.uasset" 192
"../../../../../Programming/Anti-Paratroopa/Anti_Paratroopa/Content/Blueprints/FlyingGameMode.uasset" 193
"../../../../../Programming/Anti-Paratroopa/Anti_Paratroopa/Content/Geometry/Meshes/1M_Cube_Chamfer.uasset" 194
"../../../../../Programming/Anti-Paratroopa/Anti_Paratroopa/Content/Geometry/Meshes/TemplateFloor.uasset" 195
"../../../../../Programming/Anti-Paratroopa/Anti_Paratroopa/Content/Images/OffScreenCursor.uasset" 196
"../../../../../Programming/Anti-Paratroopa/Anti_Paratroopa/Content/Mannequin/Animations/ThirdPersonJump_End.uasset" 197
"../../../../../Programming/Anti-Paratroopa/Anti_Paratroopa/Content/Mannequin/Animations/ThirdPerson_Jump.uasset" 198
"../../../../../Programming/Anti-Paratroopa/Anti_Paratroopa/Content/Mannequin/Animations/ThirdPersonJump_Loop.uasset" 199
"../../../../../Programming/Anti-Paratroopa/Anti_Paratroopa/Content/Mannequin/Animations/ThirdPersonJump_Start.uasset" 200
"../../../../../Programming/Anti-Paratroopa/Anti_Paratroopa/Content/Mannequin/Animations/ThirdPersonIdle.uasset" 201
"../../../../../Programming/Anti-Paratroopa/Anti_Paratroopa/Content/Mannequin/Animations/ThirdPersonRun.uasset" 202
"../../../../../Programming/Anti-Paratroopa/Anti_Paratroopa/Content/Mannequin/Animations/ThirdPersonWalk.uasset" 203
"../../../../../Programming/Anti-Paratroopa/Anti_Paratroopa/Content/Mannequin/Animations/ThirdPerson_IdleRun_2D.uasset" 204
"../../../../../Programming/Anti-Paratroopa/Anti_Paratroopa/Content/Mannequin/Animations/ThirdPerson_AnimBP.uasset" 205
"../../../../../Programming/Anti-Paratroopa/Anti_Paratroopa/Content/StarterContent/Architecture/Pillar_50x500.uasset" 206
"../../../../../Programming/Anti-Paratroopa/Anti_Paratroopa/Content/StarterContent/Architecture/Wall_400x300.uasset" 207
"../../../../../Programming/Anti-Paratroopa/Anti_Paratroopa/Content/StarterContent/Architecture/Wall_400x400.uasset" 208
"../../../../../Programming/Anti-Paratroopa/Anti_Paratroopa/Content/StarterContent/Architecture/Wall_500x500.uasset" 209
"../../../../../Programming/Anti-Paratroopa/Anti_Paratroopa/Content/StarterContent/Architecture/Wall_Door_400x400.uasset" 210
"../../../../../Programming/Anti-Paratroopa/Anti_Paratroopa/Content/StarterContent/Architecture/Wall_Window_400x400.uasset" 211
"../../../../../Programming/Anti-Paratroopa/Anti_Paratroopa/Content/StarterContent/Audio/Collapse01.uasset" 212
"../../../../../Programming/Anti-Paratroopa/Anti_Paratroopa/Content/StarterContent/Audio/Collapse02.uasset" 213
"../../../../../Programming/Anti-Paratroopa/Anti_Paratroopa/Content/StarterContent/Audio/Explosion01.uasset" 214
"../../../../../Programming/Anti-Paratroopa/Anti_Paratroopa/Content/StarterContent/Audio/Explosion02.uasset" 215
"../../../../../Programming/Anti-Paratroopa/Anti_Paratroopa/Content/StarterContent/Audio/Fire01.uasset" 216
"../../../../../Programming/Anti-Paratroopa/Anti_Paratroopa/Content/StarterContent/Audio/Fire_Sparks01.uasset" 217
"../../../../../Programming/Anti-Paratroopa/Anti_Paratroopa/Content/StarterContent/Audio/Light01.uasset" 218
"../../../../../Programming/Anti-Paratroopa/Anti_Paratroopa/Content/StarterContent/Audio/Light01_Cue.uasset" 219
"../../../../../Programming/Anti-Paratroopa/Anti_Paratroopa/Content/StarterContent/Audio/Light02.uasset" 220
"../../../../../Programming/Anti-Paratroopa/Anti_Paratroopa/Content/StarterContent/Audio/Light02_Cue.uasset" 221
"../../../../../Programming/Anti-Paratroopa/Anti_Paratroopa/Content/StarterContent/Audio/Smoke01.uasset" 222
"../../../../../Programming/Anti-Paratroopa/Anti_Paratroopa/Content/StarterContent/Audio/Starter_Birds01.uasset" 223
"../../../../../Programming/Anti-Paratroopa/Anti_Paratroopa/Content/StarterContent/Audio/Starter_Music01.uasset" 224
"../../../../../Programming/Anti-Paratroopa/Anti_Paratroopa/Content/StarterContent/Audio/Starter_Wind05.uasset" 225
"../../../../../Programming/Anti-Paratroopa/Anti_Paratroopa/Content/StarterContent/Audio/Starter_Wind06.uasset" 226
"../../../../../Programming/Anti-Paratroopa/Anti_Paratroopa/Content/StarterContent/Audio/Steam01.uasset" 227
"../../../../../Programming/Anti-Paratroopa/Anti_Paratroopa/Content/StarterContent/Audio/Explosion_Cue.uasset" 228
"../../../../../Programming/Anti-Paratroopa/Anti_Paratroopa/Content/StarterContent/Blueprints/Blueprint_Effect_Explosion.uasset" 229
"../../../Engine/Content/EditorMeshes/ColorCalibrator/T_ColorGrid.uasset" 230
"../../../../../Programming/Anti-Paratroopa/Anti_Paratroopa/Content/StarterContent/Materials/M_ColorGrid_LowSpec.uasset" 231
"../../../../../Programming/Anti-Paratroopa/Anti_Paratroopa/Content/StarterContent/Textures/T_Bush_D.uasset" 232
"../../../../../Programming/Anti-Paratroopa/Anti_Paratroopa/Content/StarterContent/Textures/T_Bush_N.uasset" 233
"../../../../../Programming/Anti-Paratroopa/Anti_Paratroopa/Content/StarterContent/Props/Materials/M_Bush.uasset" 234
"../../../../../Programming/Anti-Paratroopa/Anti_Paratroopa/Content/StarterContent/Props/SM_Bush.uasset" 235
"../../../../../Programming/Anti-Paratroopa/Anti_Paratroopa/Content/StarterContent/Textures/T_Chair_M.uasset" 236
"../../../../../Programming/Anti-Paratroopa/Anti_Paratroopa/Content/StarterContent/Textures/T_Chair_N.uasset" 237
"../../../../../Programming/Anti-Paratroopa/Anti_Paratroopa/Content/StarterContent/Props/Materials/M_Chair.uasset" 238
"../../../../../Programming/Anti-Paratroopa/Anti_Paratroopa/Content/StarterContent/Props/SM_Couch.uasset" 239
"../../../../../Programming/Anti-Paratroopa/Anti_Paratroopa/Content/StarterContent/Materials/M_Glass.uasset" 240
"../../../../../Programming/Anti-Paratroopa/Anti_Paratroopa/Content/StarterContent/Textures/T_Door_M.uasset" 241
"../../../../../Programming/Anti-Paratroopa/Anti_Paratroopa/Content/StarterContent/Textures/T_Door_N.uasset" 242
"../../../../../Programming/Anti-Paratroopa/Anti_Paratroopa/Content/StarterContent/Props/Materials/M_Door.uasset" 243
"../../../../../Programming/Anti-Paratroopa/Anti_Paratroopa/Content/StarterContent/Props/SM_Door.uasset" 244
"../../../../../Programming/Anti-Paratroopa/Anti_Paratroopa/Content/StarterContent/Props/Materials/M_MaterialSphere.uasset" 245
"../../../../../Programming/Anti-Paratroopa/Anti_Paratroopa/Content/StarterContent/Props/Materials/M_MaterialSphere_Plain.uasset" 246
"../../../../../Programming/Anti-Paratroopa/Anti_Paratroopa/Content/StarterContent/Props/SM_MatPreviewMesh_02.uasset" 247
"../../../../../Programming/Anti-Paratroopa/Anti_Paratroopa/Content/StarterContent/Textures/T_Detail_Rocky_N.uasset" 248
"../../../../../Programming/Anti-Paratroopa/Anti_Paratroopa/Content/StarterContent/Textures/T_Rock_Basalt_D.uasset" 249
"../../../../../Programming/Anti-Paratroopa/Anti_Paratroopa/Content/StarterContent/Textures/T_RockMesh_M.uasset" 250
"../../../../../Programming/Anti-Paratroopa/Anti_Paratroopa/Content/StarterContent/Textures/T_RockMesh_N.uasset" 251
"../../../../../Programming/Anti-Paratroopa/Anti_Paratroopa/Content/StarterContent/Props/Materials/M_Rock.uasset" 252
"../../../../../Programming/Anti-Paratroopa/Anti_Paratroopa/Content/StarterContent/Props/SM_Rock.uasset" 253
"../../../../../Programming/Anti-Paratroopa/Anti_Paratroopa/Content/StarterContent/Textures/T_Shelf_M.uasset" 254
"../../../../../Programming/Anti-Paratroopa/Anti_Paratroopa/Content/StarterContent/Textures/T_Shelf_N.uasset" 255
"../../../../../Programming/Anti-Paratroopa/Anti_Paratroopa/Content/StarterContent/Props/Materials/M_Shelf.uasset" 256
"../../../../../Programming/Anti-Paratroopa/Anti_Paratroopa/Content/StarterContent/Props/SM_Shelf.uasset" 257
"../../../../../Programming/Anti-Paratroopa/Anti_Paratroopa/Content/StarterContent/Materials/M_Basic_Floor.uasset" 258
"../../../../../Programming/Anti-Paratroopa/Anti_Paratroopa/Content/StarterContent/Props/SM_Stairs.uasset" 259
"../../../../../Programming/Anti-Paratroopa/Anti_Paratroopa/Content/StarterContent/Shapes/Shape_Cone.uasset" 260
"../../../../../Programming/Anti-Paratroopa/Anti_Paratroopa/Content/StarterContent/Shapes/Shape_Cylinder.uasset" 261
"../../../../../Programming/Anti-Paratroopa/Anti_Paratroopa/Content/StarterContent/Shapes/Shape_NarrowCapsule.uasset" 262
"../../../../../Programming/Anti-Paratroopa/Anti_Paratroopa/Content/StarterContent/Shapes/Shape_Pipe_180.uasset" 263
"../../../../../Programming/Anti-Paratroopa/Anti_Paratroopa/Content/StarterContent/Shapes/Shape_Pipe_90.uasset" 264
"../../../../../Programming/Anti-Paratroopa/Anti_Paratroopa/Content/StarterContent/Shapes/Shape_Plane.uasset" 265
"../../../../../Programming/Anti-Paratroopa/Anti_Paratroopa/Content/StarterContent/Shapes/Shape_Torus.uasset" 266
"../../../../../Programming/Anti-Paratroopa/Anti_Paratroopa/Content/StarterContent/Shapes/Shape_Trim.uasset" 267
"../../../../../Programming/Anti-Paratroopa/Anti_Paratroopa/Content/StarterContent/Shapes/Shape_Trim_90_In.uasset" 268
"../../../../../Programming/Anti-Paratroopa/Anti_Paratroopa/Content/StarterContent/Shapes/Shape_Trim_90_Out.uasset" 269
"../../../../../Programming/Anti-Paratroopa/Anti_Paratroopa/Content/StarterContent/Shapes/Shape_TriPyramid.uasset" 270
"../../../../../Programming/Anti-Paratroopa/Anti_Paratroopa/Content/StarterContent/Shapes/Shape_Tube.uasset" 271
"../../../../../Programming/Anti-Paratroopa/Anti_Paratroopa/Content/StarterContent/Shapes/Shape_Wedge_A.uasset" 272
"../../../../../Programming/Anti-Paratroopa/Anti_Paratroopa/Content/StarterContent/Shapes/Shape_Wedge_B.uasset" 273
"../../../../../Programming/Anti-Paratroopa/Anti_Paratroopa/Content/StarterContent/Shapes/Shape_WideCapsule.uasset" 274
"../../../../../Programming/Anti-Paratroopa/Anti_Paratroopa/Content/StarterContent/Textures/T_Metal_Copper_D.uasset" 275
"../../../../../Programming/Anti-Paratroopa/Anti_Paratroopa/Content/StarterContent/Textures/T_Metal_Copper_Mat.uasset" 276
"../../../Engine/Content/Animation/DefaultAnimCurveCompressionSettings.uasset" 277
"../../../Engine/Content/ArtTools/RenderToTexture/Meshes/S_1_Unit_Plane.uasset" 278
"../../../Engine/Content/EngineMaterials/DefaultMaterial.uasset" 279
"../../../Engine/Content/BasicShapes/Cone.uasset" 280
"../../../Engine/Content/BasicShapes/Cube.uasset" 281
"../../../Engine/Content/BasicShapes/Cylinder.uasset" 282
"../../../Engine/Content/BasicShapes/Plane.uasset" 283
"../../../Engine/Content/BasicShapes/Sphere.uasset" 284
"../../../Engine/Content/EditorLandscapeResources/DataLayer.uasset" 285
"../../../Engine/Content/EditorMaterials/GizmoMaterial.uasset" 286
"../../../Engine/Content/EditorMaterials/MAT_Groups_Toggle.uasset" 287
"../../../Engine/Content/EditorMaterials/MAT_Groups_Visibility.uasset" 288
"../../../Engine/Content/EditorMaterials/PreviewShadowIndicator.uasset" 289
"../../../Engine/Content/EditorMaterials/PreviewShadowIndicatorMaterial.uasset" 290
"../../../Engine/Content/EditorMaterials/MatineeGroups/MAT_ColorTrack.uasset" 291
"../../../Engine/Content/EditorMaterials/MatineeGroups/MAT_Groups_Anim.uasset" 292
"../../../Engine/Content/EditorMaterials/MatineeGroups/MAT_Groups_AudioMaster.uasset" 293
"../../../Engine/Content/EditorMaterials/MatineeGroups/MAT_Groups_Director.uasset" 294
"../../../Engine/Content/EditorMaterials/MatineeGroups/MAT_Groups_Event.uasset" 295
"../../../Engine/Content/EditorMaterials/MatineeGroups/MAT_Groups_Fade.uasset" 296
"../../../Engine/Content/EditorMaterials/MatineeGroups/MAT_Groups_Float.uasset" 297
"../../../Engine/Content/EditorMaterials/MatineeGroups/MAT_Groups_Move.uasset" 298
"../../../Engine/Content/EditorMaterials/MatineeGroups/MAT_Groups_Slomo.uasset" 299
"../../../Engine/Content/EditorMaterials/MatineeGroups/MAT_Groups_Sound.uasset" 300
"../../../Engine/Content/EditorMaterials/MatineeGroups/MAT_Groups_Vector.uasset" 301
"../../../Engine/Content/EditorMaterials/ParticleSystems/PSysThumbnail_NoImage.uasset" 302
"../../../Engine/Content/EditorMaterials/ParticleSystems/PSysThumbnail_OOD.uasset" 303
"../../../Engine/Content/EditorMaterials/Camera/CineMat.uasset" 304
"../../../Engine/Content/EditorMaterials/Camera/MI_CineMat_Rig.uasset" 305
"../../../Engine/Content/EditorMeshes/Camera/SM_CraneRig_Arm.uasset" 306
"../../../Engine/Content/EditorMeshes/Camera/SM_CraneRig_Base.uasset" 307
"../../../Engine/Content/EditorMeshes/Camera/SM_CraneRig_Body.uasset" 308
"../../../Engine/Content/EditorMeshes/Camera/SM_CraneRig_Mount.uasset" 309
"../../../Engine/Content/EditorMeshes/Camera/SM_RailRig_Mount.uasset" 310
"../../../Engine/Content/EditorMeshes/Camera/SM_RailRig_Track.uasset" 311
"../../../Engine/Content/EditorResources/BSPVertex.uasset" 312
"../../../Engine/Content/EditorResources/EmptyActor.uasset" 313
"../../../Engine/Content/EditorResources/S_Actor.uasset" 314
"../../../Engine/Content/EditorResources/S_Note.uasset" 315
"../../../Engine/Content/EditorResources/S_Solver.uasset" 316
"../../../Engine/Content/EditorResources/S_Trigger.uasset" 317
"../../../Engine/Content/EditorResources/AudioIcons/S_AudioComponent.uasset" 318
"../../../Engine/Content/EditorResources/AudioIcons/S_AudioComponent_AutoActivate.uasset" 319
"../../../Engine/Content/EditorResources/LightIcons/S_LightError.uasset" 320
"../../../Engine/Content/EditorResources/SequenceRecorder/Countdown.uasset" 321
"../../../Engine/Content/EditorResources/SequenceRecorder/RecordingIndicator.uasset" 322
"../../../Engine/Content/EditorSounds/Notifications/CompileFailed.uasset" 323
"../../../Engine/Content/EditorSounds/Notifications/CompileFailed_Cue.uasset" 324
"../../../Engine/Content/EditorSounds/Notifications/CompileSuccess.uasset" 325
"../../../Engine/Content/EditorSounds/Notifications/CompileStart_Cue.uasset" 326
"../../../Engine/Content/EditorSounds/Notifications/CompileSuccess_Cue.uasset" 327
"../../../Engine/Content/EngineDamageTypes/DmgTypeBP_Environmental.uasset" 328
"../../../Engine/Content/EngineDebugMaterials/BoneWeightMaterial.uasset" 329
"../../../Engine/Content/EngineDebugMaterials/ClothMaterial.uasset" 330
"../../../Engine/Content/EngineDebugMaterials/ClothMaterial_WF.uasset" 331
"../../../Engine/Content/EngineDebugMaterials/DebugEditorMaterial.uasset" 332
"../../../Engine/Content/EngineDebugMaterials/DebugMeshMaterial.uasset" 333
"../../../Engine/Content/EngineDebugMaterials/GeomMaterial.uasset" 334
"../../../Engine/Content/EngineDebugMaterials/M_SimpleTranslucent.uasset" 335
"../../../Engine/Content/Functions/Engine_MaterialFunctions02/Utility/CameraDirectionVector.uasset" 336
"../../../Engine/Content/EngineDebugMaterials/VolumeToRender.uasset" 337
"../../../Engine/Content/EngineDebugMaterials/M_VolumeRenderSphereTracePP.uasset" 338
"../../../Engine/Content/EngineDebugMaterials/WireframeMaterial.uasset" 339
"../../../Engine/Content/EngineFonts/Faces/RobotoBold.uasset" 340
"../../../Engine/Content/EngineFonts/Faces/RobotoBoldItalic.uasset" 341
"../../../Engine/Content/EngineFonts/Faces/RobotoItalic.uasset" 342
"../../../Engine/Content/EngineFonts/Faces/RobotoLight.uasset" 343
"../../../Engine/Content/EngineFonts/Faces/RobotoRegular.uasset" 344
"../../../Engine/Content/EngineFonts/Roboto.uasset" 345
"../../../Engine/Content/EngineMaterials/BaseFlattenDiffuseMap.uasset" 346
"../../../Engine/Content/EngineMaterials/BaseFlattenEmissiveMap.uasset" 347
"../../../Engine/Content/EngineMaterials/BaseFlattenGrayscaleMap.uasset" 348
"../../../Engine/Content/EngineMaterials/BaseFlattenNormalMap.uasset" 349
"../../../Engine/Content/EngineMaterials/BaseFlattenMaterial.uasset" 350
"../../../Engine/Content/EngineMaterials/BlueNoise.uasset" 351
"../../../Engine/Content/EngineMaterials/DefaultBloomKernel.uasset" 352
"../../../Engine/Content/EngineMaterials/DefaultBokeh.uasset" 353
"../../../Engine/Content/EngineMaterials/DefaultDeferredDecalMaterial.uasset" 354
"../../../Engine/Content/EngineMaterials/DefaultLightFunctionMaterial.uasset" 355
"../../../Engine/Content/EngineMaterials/DefaultPostProcessMaterial.uasset" 356
"../../../Engine/Content/EngineFonts/RobotoDistanceField.uasset" 357
"../../../Engine/Content/EngineMaterials/DefaultTextMaterialOpaque.uasset" 358
"../../../Engine/Content/EngineMaterials/DefaultVirtualTextureMaterial.uasset" 359
"../../../Engine/Content/EngineMaterials/DefaultWhiteGrid.uasset" 360
"../../../Engine/Content/EngineMaterials/EditorBrushMaterial.uasset" 361
"../../../Engine/Content/EngineMaterials/DefaultWhiteGrid_Low.uasset" 362
"../../../Engine/Content/EngineMaterials/EmissiveMeshMaterial.uasset" 363
"../../../Engine/Content/EngineMaterials/Good64x64TilingNoiseHighFreq.uasset" 364
"../../../Engine/Content/EngineMaterials/MiniFont.uasset" 365
"../../../Engine/Content/EngineMaterials/InvalidLightmapSettings.uasset" 366
"../../../Engine/Content/EngineMaterials/M_InvalidLightmapSettings.uasset" 367
"../../../Engine/Content/Functions/Engine_MaterialFunctions02/WorldPositionOffset/CameraOffset.uasset" 368
"../../../Engine/Content/EngineMaterials/PhAT_JointLimitMaterial.uasset" 369
"../../../Engine/Content/EngineMaterials/PreintegratedSkinBRDF.uasset" 370
"../../../Engine/Content/EngineMaterials/RemoveSurfaceMaterial.uasset" 371
"../../../Engine/Content/EngineMaterials/WeightMapPlaceholderTexture.uasset" 372
"../../../Engine/Content/EngineResources/WhiteSquareTexture.uasset" 373
"../../../Engine/Content/EngineMaterials/Widget3DPassThrough.uasset" 374
"../../../Engine/Content/EngineMaterials/Widget3DPassThrough_Masked.uasset" 375
"../../../Engine/Content/EngineMaterials/Widget3DPassThrough_Opaque.uasset" 376
"../../../Engine/Content/EngineMaterials/Widget3DPassThrough_Masked_OneSided.uasset" 377
"../../../Engine/Content/EngineMaterials/Widget3DPassThrough_Opaque_OneSided.uasset" 378
"../../../Engine/Content/EngineMaterials/Widget3DPassThrough_Translucent.uasset" 379
"../../../Engine/Content/EngineMaterials/Widget3DPassThrough_Translucent_OneSided.uasset" 380
"../../../Engine/Content/EngineMeshes/Cylinder.uasset" 381
"../../../Engine/Content/EngineMeshes/Sphere.uasset" 382
"../../../Engine/Content/EngineResources/Black.uasset" 383
"../../../Engine/Content/EngineResources/DefaultTexture.uasset" 384
"../../../Engine/Content/EngineResources/DefaultTextureCube.uasset" 385
"../../../Engine/Content/EngineResources/DefaultVolumeTexture2D.uasset" 386
"../../../Engine/Content/EngineResources/DefaultVolumeTexture.uasset" 387
"../../../Engine/Content/EngineResources/GradientTexture0.uasset" 388
"../../../Engine/Content/EngineSounds/Master.uasset" 389
"../../../Engine/Content/Functions/Engine_MaterialFunctions01/Shading/ConvertFromDiffSpec.uasset" 390
"../../../Engine/Content/Functions/Engine_MaterialFunctions01/Shading/PowerToRoughness.uasset" 391
"../../../Engine/Content/Maps/Templates/Thumbnails/Default.uasset" 392
"../../../Engine/Content/Maps/Templates/Thumbnails/VR-Basic.uasset" 393
"../../../Engine/Content/MobileResources/T_MobileControls_texture.uasset" 394
"../../../Engine/Content/MobileResources/T_MobileMenu2.uasset" 395
"../../../Engine/Content/MobileResources/HUD/AnalogHat.uasset" 396
"../../../Engine/Content/MobileResources/HUD/VirtualJoystick_Background.uasset" 397
"../../../Engine/Content/MobileResources/HUD/VirtualJoystick_Thumb.uasset" 398
"../../../Engine/Content/MobileResources/HUD/DefaultVirtualJoysticks.uasset" 399
"../../../Engine/Content/MobileResources/HUD/LeftVirtualJoystickOnly.uasset" 400
"../../../Engine/Content/MobileResources/HUD/MobileHUDButton1_off.uasset" 401
"../../../Engine/Content/MobileResources/HUD/MobileHUDButton1_on.uasset" 402
"../../../Engine/Content/MobileResources/HUD/MobileHUDButton2_off.uasset" 403
"../../../Engine/Content/MobileResources/HUD/MobileHUDButton2_on.uasset" 404
"../../../Engine/Content/MobileResources/HUD/MobileHUDButton3.uasset" 405
"../../../Engine/Content/MobileResources/HUD/MobileHUDButtonFire.uasset" 406
"../../../Engine/Content/MobileResources/HUD/MobileHUDDirectionPad.uasset" 407
"../../../Engine/Content/MobileResources/HUD/MobileHUDDirectionPad2.uasset" 408
"../../../Engine/Content/MobileResources/HUD/MobileHUDDirectionPad3.uasset" 409
"../../../Engine/Content/MobileResources/HUD/MobileHUDDirectionStick.uasset" 410
"../../../Engine/Content/MobileResources/HUD/T_Castle_ThumbstickInner.uasset" 411
"../../../Engine/Content/MobileResources/HUD/T_Castle_ThumbstickOutter.uasset" 412
"../../../Engine/Content/Tutorial/ContentIntroCurve.uasset" 413
"../../../Engine/Content/Tutorial/Basics/LevelEditorAttract.uasset" 414
"../../../Engine/Content/Tutorial/Basics/TutorialAssets/icon_tab_Levels_40x.uasset" 415
"../../../Engine/Content/Tutorial/Basics/LevelEditorOverview.uasset" 416
"../../../Engine/Content/Tutorial/BlueprintTutorials/TutorialAssets/Blueprint_64x.uasset" 417
"../../../Engine/Content/Tutorial/BlueprintTutorials/BlueprintEditorTutorial.uasset" 418
"../../../Engine/Content/Tutorial/SubEditors/GettingSubstance.uasset" 419
"../../../Engine/Content/VREditor/LaserPointer/VR_LaserPower_01.uasset" 420
"../../../Engine/Content/VREditor/TransformGizmo/TransformGizmoMaterial.uasset" 421
"../../../Engine/Content/VREditor/TransformGizmo/TranslucentTransformGizmoMaterial.uasset" 422
"../../../Engine/Content/VREditor/TransformGizmo/BoundingBoxCorner.uasset" 423
"../../../Engine/Content/VREditor/TransformGizmo/BoundingBoxEdge.uasset" 424
"../../../Engine/Content/VREditor/TransformGizmo/PlaneTranslationHandle.uasset" 425
"../../../Engine/Content/VREditor/TransformGizmo/Main.uasset" 426
"../../../Engine/Content/VREditor/TransformGizmo/Xray.uasset" 427
"../../../Engine/Content/VREditor/TransformGizmo/SM_Sequencer_Key.uasset" 428
"../../../Engine/Content/VREditor/TransformGizmo/SM_Sequencer_Node.uasset" 429
"../../Plugins/2D/Paper2D/Content/PlaceholderTextures/DummySpriteTexture.uasset" 430
"../../Plugins/2D/Paper2D/Content/DummySprite.uasset" 431
"../../Plugins/2D/Paper2D/Content/DefaultPaperTerrainMaterial.uasset" 432
"../../Plugins/2D/Paper2D/Content/DummySpriteTexture.uasset" 433
"../../Plugins/2D/Paper2D/Content/DefaultSpriteMaterial.uasset" 434
"../../Plugins/2D/Paper2D/Content/MaskedUnlitSpriteMaterial.uasset" 435
"../../Plugins/2D/Paper2D/Content/OpaqueUnlitSpriteMaterial.uasset" 436
"../../Plugins/Runtime/Oculus/OculusVR/Content/OculusMR_RenderTarget.uasset" 437
"../../../Engine/Content/Functions/Engine_MaterialFunctions02/Utility/BreakOutFloat4Components.uasset" 438
"../../../Engine/Content/Functions/Engine_MaterialFunctions02/Utility/MakeFloat2.uasset" 439
"../../Plugins/Runtime/Oculus/OculusVR/Content/Materials/OculusMR_ChromaKey.uasset" 440
"../../Plugins/Runtime/Oculus/OculusVR/Content/Materials/OculusMR_ChromaKey_Lit.uasset" 441
"../../Plugins/Runtime/Oculus/OculusVR/Content/Materials/OculusMR_OpaqueColoredMaterial.uasset" 442
"../../Plugins/Runtime/Oculus/OculusVR/Content/Materials/OculusMR_WhiteMaterial.uasset" 443
"../../../../../Programming/Anti-Paratroopa/Anti_Paratroopa/Content/Images/Transparent.uasset" 444
"../../../../../Programming/Anti-Paratroopa/Anti_Paratroopa/Content/Blueprints/Barrier.uasset" 445
"../../../../../Programming/Anti-Paratroopa/Anti_Paratroopa/Content/Levels/Level_1_BuiltData.uasset" 446
"../../../../../Programming/Anti-Paratroopa/Anti_Paratroopa/Content/StarterContent/Textures/T_Ground_Grass_D.uasset" 447
"../../../../../Programming/Anti-Paratroopa/Anti_Paratroopa/Content/StarterContent/Textures/T_Ground_Grass_N.uasset" 448
"../../../../../Programming/Anti-Paratroopa/Anti_Paratroopa/Content/StarterContent/Textures/T_Perlin_Noise_M.uasset" 449
"../../../../../Programming/Anti-Paratroopa/Anti_Paratroopa/Content/StarterContent/Materials/M_Ground_Grass.uasset" 450
"../../../../../Programming/Anti-Paratroopa/Anti_Paratroopa/Content/StarterContent/Textures/T_ground_Moss_D.uasset" 451
"../../../../../Programming/Anti-Paratroopa/Anti_Paratroopa/Content/StarterContent/Textures/T_Ground_Moss_N.uasset" 452
"../../../../../Programming/Anti-Paratroopa/Anti_Paratroopa/Content/StarterContent/Materials/M_Ground_Moss.uasset" 453
"../../../Engine/Content/EngineMaterials/DefaultPhysicalMaterial.uasset" 454
"../../../../../Programming/Anti-Paratroopa/Anti_Paratroopa/Content/Levels/Level_1.umap" 455
"../../../../../Programming/Anti-Paratroopa/Anti_Paratroopa/Content/Images/planeDiagram.uasset" 456
"../../../../../Programming/Anti-Paratroopa/Anti_Paratroopa/Content/Blueprints/Widgets/Menu/Instructions.uasset" 457
"../../../../../Programming/Anti-Paratroopa/Anti_Paratroopa/Content/Blueprints/Widgets/Menu/MainMenu.uasset" 458
"../../../../../Programming/Anti-Paratroopa/Anti_Paratroopa/Content/Blueprints/HUD/MenuHUD.uasset" 459
"../../../../../Programming/Anti-Paratroopa/Anti_Paratroopa/Content/Blueprints/Gamemodes/MenuGameMode.uasset" 460
"../../../../../Programming/Anti-Paratroopa/Anti_Paratroopa/Content/Blueprints/PlaneStatic.uasset" 461
"../../../../../Programming/Anti-Paratroopa/Anti_Paratroopa/Content/Levels/Menu_BuiltData.uasset" 462
"../../../../../Programming/Anti-Paratroopa/Anti_Paratroopa/Content/StarterContent/Textures/T_Concrete_Grime_D.uasset" 463
"../../../../../Programming/Anti-Paratroopa/Anti_Paratroopa/Content/StarterContent/Textures/T_Metal_Rust_N.uasset" 464
"../../../../../Programming/Anti-Paratroopa/Anti_Paratroopa/Content/StarterContent/Materials/M_Concrete_Grime.uasset" 465
"../../../../../Programming/Anti-Paratroopa/Anti_Paratroopa/Content/StarterContent/Textures/T_Rock_Sandstone_D.uasset" 466
"../../../../../Programming/Anti-Paratroopa/Anti_Paratroopa/Content/StarterContent/Textures/T_Rock_Sandstone_N.uasset" 467
"../../../../../Programming/Anti-Paratroopa/Anti_Paratroopa/Content/StarterContent/Materials/M_Rock_Sandstone.uasset" 468
"../../../../../Programming/Anti-Paratroopa/Anti_Paratroopa/Content/Levels/Menu.umap" 469
"../../../../../Programming/Anti-Paratroopa/Anti_Paratroopa/Content/StarterContent/Blueprints/Assets/FogBrightnessLUT.uasset" 470
"../../../../../Programming/Anti-Paratroopa/Anti_Paratroopa/Content/StarterContent/Blueprints/Assets/SunlightColorLUT.uasset" 471
"../../../../../Programming/Anti-Paratroopa/Anti_Paratroopa/Content/StarterContent/Blueprints/Assets/M_LightStage_Arrows.uasset" 472
"../../../Engine/Content/MapTemplates/Sky/DaylightAmbientCubemap.uasset" 473
"../../../../../Programming/Anti-Paratroopa/Anti_Paratroopa/Content/StarterContent/Blueprints/Assets/M_LightStage_Skybox_Master.uasset" 474
"../../../../../Programming/Anti-Paratroopa/Anti_Paratroopa/Content/StarterContent/Blueprints/Assets/M_LightStage_Skybox_Black.uasset" 475
"../../../../../Programming/Anti-Paratroopa/Anti_Paratroopa/Content/StarterContent/Blueprints/Assets/M_LightStage_Skybox_HDRI.uasset" 476
"../../../Engine/Content/EditorMaterials/Thumbnails/SkySphereMaterial.uasset" 477
"../../../../../Programming/Anti-Paratroopa/Anti_Paratroopa/Content/StarterContent/Blueprints/Assets/Skybox.uasset" 478
"../../../../../Programming/Anti-Paratroopa/Anti_Paratroopa/Content/StarterContent/Blueprints/Assets/SM_Arrows.uasset" 479
"../../../../../Programming/Anti-Paratroopa/Anti_Paratroopa/Content/StarterContent/HDRI/HDRI_Epic_Courtyard_Daylight.uasset" 480
"../../../../../Programming/Anti-Paratroopa/Anti_Paratroopa/Content/StarterContent/Blueprints/BP_LightStudio.uasset" 481
"../../../../../Programming/Anti-Paratroopa/Anti_Paratroopa/Content/StarterContent/Maps/Advanced_Lighting_BuiltData.uasset" 482
"../../../../../Programming/Anti-Paratroopa/Anti_Paratroopa/Content/StarterContent/Materials/M_AssetPlatform.uasset" 483
"../../../Engine/Content/EditorMeshes/ColorCalibrator/M_ChromeBall.uasset" 484
"../../../Engine/Content/EditorMeshes/ColorCalibrator/M_ClearCoat.uasset" 485
"../../../Engine/Content/EditorMeshes/ColorCalibrator/M_ClearCoatBlack.uasset" 486
"../../../Engine/Content/EditorMeshes/ColorCalibrator/Color_checker.uasset" 487
"../../../Engine/Content/EditorMeshes/ColorCalibrator/M_ColorGrid.uasset" 488
"../../../Engine/Content/EditorMeshes/ColorCalibrator/M_GreyBall.uasset" 489
"../../../Engine/Content/EditorMeshes/ColorCalibrator/SM_ColorCalibrator.uasset" 490
"../../../../../Programming/Anti-Paratroopa/Anti_Paratroopa/Content/StarterContent/Architecture/SM_AssetPlatform.uasset" 491
"../../../../../Programming/Anti-Paratroopa/Anti_Paratroopa/Content/StarterContent/Maps/Advanced_Lighting.umap" 492
"../../../Engine/Content/EngineSky/C_Sky_Cloud_Color.uasset" 493
"../../../Engine/Content/EngineSky/C_Sky_Horizon_Color.uasset" 494
"../../../Engine/Content/EngineSky/C_Sky_Zenith_Color.uasset" 495
"../../../Engine/Content/EngineSky/T_Sky_Blue.uasset" 496
"../../../Engine/Content/EngineSky/T_Sky_Clouds_M.uasset" 497
"../../../Engine/Content/EngineSky/T_Sky_Stars.uasset" 498
"../../../Engine/Content/EngineSky/M_Sky_Panning_Clouds2.uasset" 499
"../../../Engine/Content/EngineSky/SM_SkySphere.uasset" 500
"../../../Engine/Content/EngineSky/BP_Sky_Sphere.uasset" 501
"../../../../../Programming/Anti-Paratroopa/Anti_Paratroopa/Content/StarterContent/Maps/Minimal_Default_BuiltData.uasset" 502
"../../../../../Programming/Anti-Paratroopa/Anti_Paratroopa/Content/StarterContent/Textures/T_Metal_Aluminum_D.uasset" 503
"../../../../../Programming/Anti-Paratroopa/Anti_Paratroopa/Content/StarterContent/Textures/T_Metal_Gold_N.uasset" 504
"../../../../../Programming/Anti-Paratroopa/Anti_Paratroopa/Content/StarterContent/Materials/M_Metal_Burnished_Steel.uasset" 505
"../../../../../Programming/Anti-Paratroopa/Anti_Paratroopa/Content/StarterContent/Materials/M_Metal_Copper.uasset" 506
"../../../../../Programming/Anti-Paratroopa/Anti_Paratroopa/Content/StarterContent/Textures/T_Statue_M.uasset" 507
"../../../../../Programming/Anti-Paratroopa/Anti_Paratroopa/Content/StarterContent/Textures/T_Statue_N.uasset" 508
"../../../../../Programming/Anti-Paratroopa/Anti_Paratroopa/Content/StarterContent/Props/Materials/M_StatueGlass.uasset" 509
"../../../../../Programming/Anti-Paratroopa/Anti_Paratroopa/Content/StarterContent/Architecture/Floor_400x400.uasset" 510
"../../../../../Programming/Anti-Paratroopa/Anti_Paratroopa/Content/StarterContent/Audio/Starter_Background_Cue.uasset" 511
"../../../../../Programming/Anti-Paratroopa/Anti_Paratroopa/Content/StarterContent/Props/SM_Chair.uasset" 512
"../../../../../Programming/Anti-Paratroopa/Anti_Paratroopa/Content/StarterContent/Props/Materials/M_Statue.uasset" 513
"../../../../../Programming/Anti-Paratroopa/Anti_Paratroopa/Content/StarterContent/Props/SM_Statue.uasset" 514
"../../../../../Programming/Anti-Paratroopa/Anti_Paratroopa/Content/StarterContent/Textures/T_TableRound_M.uasset" 515
"../../../../../Programming/Anti-Paratroopa/Anti_Paratroopa/Content/StarterContent/Textures/T_TableRound_N.uasset" 516
"../../../../../Programming/Anti-Paratroopa/Anti_Paratroopa/Content/StarterContent/Props/Materials/M_TableRound.uasset" 517
"../../../../../Programming/Anti-Paratroopa/Anti_Paratroopa/Content/StarterContent/Props/SM_TableRound.uasset" 518
"../../../../../Programming/Anti-Paratroopa/Anti_Paratroopa/Content/StarterContent/Maps/Minimal_Default.umap" 519
"../../../../../Programming/Anti-Paratroopa/Anti_Paratroopa/Content/StarterContent/Audio/Fire01_Cue.uasset" 520
"../../../../../Programming/Anti-Paratroopa/Anti_Paratroopa/Content/StarterContent/Textures/T_Fire_SubUV.uasset" 521
"../../../../../Programming/Anti-Paratroopa/Anti_Paratroopa/Content/StarterContent/Textures/T_Fire_Tiled_D.uasset" 522
"../../../../../Programming/Anti-Paratroopa/Anti_Paratroopa/Content/StarterContent/Particles/Materials/M_Fire_SubUV.uasset" 523
"../../../../../Programming/Anti-Paratroopa/Anti_Paratroopa/Content/StarterContent/Textures/T_Water_N.uasset" 524
"../../../../../Programming/Anti-Paratroopa/Anti_Paratroopa/Content/StarterContent/Particles/Materials/M_Heat_Distortion.uasset" 525
"../../../../../Programming/Anti-Paratroopa/Anti_Paratroopa/Content/StarterContent/Particles/Materials/M_Radial_Gradient.uasset" 526
"../../../../../Programming/Anti-Paratroopa/Anti_Paratroopa/Content/StarterContent/Particles/P_Fire.uasset" 527
"../../../../../Programming/Anti-Paratroopa/Anti_Paratroopa/Content/StarterContent/Blueprints/Blueprint_Effect_Fire.uasset" 528
"../../../../../Programming/Anti-Paratroopa/Anti_Paratroopa/Content/StarterContent/Audio/Smoke01_Cue.uasset" 529
"../../../../../Programming/Anti-Paratroopa/Anti_Paratroopa/Content/StarterContent/Particles/P_Smoke.uasset" 530
"../../../../../Programming/Anti-Paratroopa/Anti_Paratroopa/Content/StarterContent/Blueprints/Blueprint_Effect_Smoke.uasset" 531
"../../../../../Programming/Anti-Paratroopa/Anti_Paratroopa/Content/StarterContent/Audio/Fire_Sparks01_Cue.uasset" 532
"../../../../../Programming/Anti-Paratroopa/Anti_Paratroopa/Content/StarterContent/Textures/T_Spark_Core.uasset" 533
"../../../../../Programming/Anti-Paratroopa/Anti_Paratroopa/Content/StarterContent/Particles/Materials/M_Spark.uasset" 534
"../../../../../Programming/Anti-Paratroopa/Anti_Paratroopa/Content/StarterContent/Particles/P_Sparks.uasset" 535
"../../../../../Programming/Anti-Paratroopa/Anti_Paratroopa/Content/StarterContent/Blueprints/Blueprint_Effect_Sparks.uasset" 536
"../../../../../Programming/Anti-Paratroopa/Anti_Paratroopa/Content/StarterContent/Audio/Steam01_Cue.uasset" 537
"../../../../../Programming/Anti-Paratroopa/Anti_Paratroopa/Content/StarterContent/Particles/P_Steam_Lit.uasset" 538
"../../../../../Programming/Anti-Paratroopa/Anti_Paratroopa/Content/StarterContent/Blueprints/Blueprint_Effect_Steam.uasset" 539
"../../../../../Programming/Anti-Paratroopa/Anti_Paratroopa/Content/StarterContent/Textures/T_Lamp_M.uasset" 540
"../../../../../Programming/Anti-Paratroopa/Anti_Paratroopa/Content/StarterContent/Textures/T_Lamp_N.uasset" 541
"../../../../../Programming/Anti-Paratroopa/Anti_Paratroopa/Content/StarterContent/Props/Materials/M_Lamp.uasset" 542
"../../../../../Programming/Anti-Paratroopa/Anti_Paratroopa/Content/StarterContent/Props/SM_Lamp_Ceiling.uasset" 543
"../../../../../Programming/Anti-Paratroopa/Anti_Paratroopa/Content/StarterContent/Blueprints/Blueprint_CeilingLight.uasset" 544
"../../../../../Programming/Anti-Paratroopa/Anti_Paratroopa/Content/StarterContent/Props/SM_Lamp_Wall.uasset" 545
"../../../../../Programming/Anti-Paratroopa/Anti_Paratroopa/Content/StarterContent/Blueprints/Blueprint_WallSconce.uasset" 546
"../../../../../Programming/Anti-Paratroopa/Anti_Paratroopa/Content/StarterContent/Maps/StarterMap_BuiltData.uasset" 547
"../../../Engine/Content/Functions/Engine_MaterialFunctions03/Procedurals/ComputeFilterWidth.uasset" 548
"../../../Engine/Content/EngineMaterials/AntiAliasedTextMaterialTranslucent.uasset" 549
"../../../../../Programming/Anti-Paratroopa/Anti_Paratroopa/Content/StarterContent/Textures/T_Brick_Clay_Beveled_D.uasset" 550
"../../../../../Programming/Anti-Paratroopa/Anti_Paratroopa/Content/StarterContent/Textures/T_Brick_Clay_Beveled_M.uasset" 551
"../../../../../Programming/Anti-Paratroopa/Anti_Paratroopa/Content/StarterContent/Textures/T_Brick_Clay_Beveled_N.uasset" 552
"../../../../../Programming/Anti-Paratroopa/Anti_Paratroopa/Content/StarterContent/Materials/M_Brick_Clay_Beveled.uasset" 553
"../../../../../Programming/Anti-Paratroopa/Anti_Paratroopa/Content/StarterContent/Textures/T_Brick_Clay_New_D.uasset" 554
"../../../../../Programming/Anti-Paratroopa/Anti_Paratroopa/Content/StarterContent/Textures/T_Brick_Clay_New_M.uasset" 555
"../../../../../Programming/Anti-Paratroopa/Anti_Paratroopa/Content/StarterContent/Textures/T_Brick_Clay_New_N.uasset" 556
"../../../../../Programming/Anti-Paratroopa/Anti_Paratroopa/Content/StarterContent/Materials/M_Brick_Clay_New.uasset" 557
"../../../../../Programming/Anti-Paratroopa/Anti_Paratroopa/Content/StarterContent/Textures/T_Brick_Clay_Old_D.uasset" 558
"../../../../../Programming/Anti-Paratroopa/Anti_Paratroopa/Content/StarterContent/Textures/T_Brick_Clay_Old_N.uasset" 559
"../../../../../Programming/Anti-Paratroopa/Anti_Paratroopa/Content/StarterContent/Materials/M_Brick_Clay_Old.uasset" 560
"../../../../../Programming/Anti-Paratroopa/Anti_Paratroopa/Content/StarterContent/Textures/T_Brick_Cut_Stone_D.uasset" 561
"../../../../../Programming/Anti-Paratroopa/Anti_Paratroopa/Content/StarterContent/Textures/T_Brick_Cut_Stone_N.uasset" 562
"../../../../../Programming/Anti-Paratroopa/Anti_Paratroopa/Content/StarterContent/Materials/M_Brick_Cut_Stone.uasset" 563
"../../../../../Programming/Anti-Paratroopa/Anti_Paratroopa/Content/StarterContent/Textures/T_Brick_Hewn_Stone_D.uasset" 564
"../../../../../Programming/Anti-Paratroopa/Anti_Paratroopa/Content/StarterContent/Textures/T_Brick_Hewn_Stone_M.uasset" 565
"../../../../../Programming/Anti-Paratroopa/Anti_Paratroopa/Content/StarterContent/Textures/T_Brick_Hewn_Stone_N.uasset" 566
"../../../../../Programming/Anti-Paratroopa/Anti_Paratroopa/Content/StarterContent/Materials/M_Brick_Hewn_Stone.uasset" 567
"../../../../../Programming/Anti-Paratroopa/Anti_Paratroopa/Content/StarterContent/Textures/T_Ceramic_Tile_M.uasset" 568
"../../../../../Programming/Anti-Paratroopa/Anti_Paratroopa/Content/StarterContent/Textures/T_Ceramic_Tile_N.uasset" 569
"../../../../../Programming/Anti-Paratroopa/Anti_Paratroopa/Content/StarterContent/Textures/T_Rock_Marble_Polished_D.uasset" 570
"../../../../../Programming/Anti-Paratroopa/Anti_Paratroopa/Content/StarterContent/Materials/M_Ceramic_Tile_Checker.uasset" 571
"../../../../../Programming/Anti-Paratroopa/Anti_Paratroopa/Content/StarterContent/Textures/T_CobbleStone_Pebble_D.uasset" 572
"../../../../../Programming/Anti-Paratroopa/Anti_Paratroopa/Content/StarterContent/Textures/T_CobbleStone_Pebble_M.uasset" 573
"../../../../../Programming/Anti-Paratroopa/Anti_Paratroopa/Content/StarterContent/Textures/T_CobbleStone_Pebble_N.uasset" 574
"../../../../../Programming/Anti-Paratroopa/Anti_Paratroopa/Content/StarterContent/Materials/M_CobbleStone_Pebble.uasset" 575
"../../../../../Programming/Anti-Paratroopa/Anti_Paratroopa/Content/StarterContent/Textures/T_CobbleStone_Rough_D.uasset" 576
"../../../../../Programming/Anti-Paratroopa/Anti_Paratroopa/Content/StarterContent/Textures/T_CobbleStone_Rough_N.uasset" 577
"../../../../../Programming/Anti-Paratroopa/Anti_Paratroopa/Content/StarterContent/Textures/T_Gradinet_01.uasset" 578
"../../../../../Programming/Anti-Paratroopa/Anti_Paratroopa/Content/StarterContent/Textures/T_Rock_Smooth_Granite_D.uasset" 579
"../../../../../Programming/Anti-Paratroopa/Anti_Paratroopa/Content/StarterContent/Materials/M_CobbleStone_Rough.uasset" 580
"../../../../../Programming/Anti-Paratroopa/Anti_Paratroopa/Content/StarterContent/Textures/T_CobbleStone_Smooth_D.uasset" 581
"../../../../../Programming/Anti-Paratroopa/Anti_Paratroopa/Content/StarterContent/Textures/T_CobbleStone_Smooth_M.uasset" 582
"../../../../../Programming/Anti-Paratroopa/Anti_Paratroopa/Content/StarterContent/Textures/T_CobbleStone_Smooth_N.uasset" 583
"../../../../../Programming/Anti-Paratroopa/Anti_Paratroopa/Content/StarterContent/Materials/M_CobbleStone_Smooth.uasset" 584
"../../../../../Programming/Anti-Paratroopa/Anti_Paratroopa/Content/StarterContent/Textures/T_Concrete_Panels_D.uasset" 585
"../../../../../Programming/Anti-Paratroopa/Anti_Paratroopa/Content/StarterContent/Textures/T_Concrete_Panels_N.uasset" 586
"../../../../../Programming/Anti-Paratroopa/Anti_Paratroopa/Content/StarterContent/Materials/M_Concrete_Panels.uasset" 587
"../../../../../Programming/Anti-Paratroopa/Anti_Paratroopa/Content/StarterContent/Textures/T_Concrete_Poured_D.uasset" 588
"../../../../../Programming/Anti-Paratroopa/Anti_Paratroopa/Content/StarterContent/Textures/T_Concrete_Poured_N.uasset" 589
"../../../../../Programming/Anti-Paratroopa/Anti_Paratroopa/Content/StarterContent/Materials/M_Concrete_Poured.uasset" 590
"../../../../../Programming/Anti-Paratroopa/Anti_Paratroopa/Content/StarterContent/Textures/T_Concrete_Tiles_D.uasset" 591
"../../../../../Programming/Anti-Paratroopa/Anti_Paratroopa/Content/StarterContent/Textures/T_Concrete_Tiles_M.uasset" 592
"../../../../../Programming/Anti-Paratroopa/Anti_Paratroopa/Content/StarterContent/Textures/T_Concrete_Tiles_N.uasset" 593
"../../../../../Programming/Anti-Paratroopa/Anti_Paratroopa/Content/StarterContent/Textures/T_Concrete_Tiles_Variation_M.uasset" 594
"../../../../../Programming/Anti-Paratroopa/Anti_Paratroopa/Content/StarterContent/Materials/M_Concrete_Tiles.uasset" 595
"../../../../../Programming/Anti-Paratroopa/Anti_Paratroopa/Content/StarterContent/Textures/T_Ground_Gravel_D.uasset" 596
"../../../../../Programming/Anti-Paratroopa/Anti_Paratroopa/Content/StarterContent/Textures/T_Ground_Gravel_N.uasset" 597
"../../../../../Programming/Anti-Paratroopa/Anti_Paratroopa/Content/StarterContent/Materials/M_Ground_Gravel.uasset" 598
"../../../../../Programming/Anti-Paratroopa/Anti_Paratroopa/Content/StarterContent/Materials/M_Metal_Chrome.uasset" 599
"../../../../../Programming/Anti-Paratroopa/Anti_Paratroopa/Content/StarterContent/Textures/T_Metal_Gold_D.uasset" 600
"../../../../../Programming/Anti-Paratroopa/Anti_Paratroopa/Content/StarterContent/Materials/M_Metal_Gold.uasset" 601
"../../../../../Programming/Anti-Paratroopa/Anti_Paratroopa/Content/StarterContent/Textures/T_Metal_Rust_D.uasset" 602
"../../../../../Programming/Anti-Paratroopa/Anti_Paratroopa/Content/StarterContent/Materials/M_Metal_Rust.uasset" 603
"../../../../../Programming/Anti-Paratroopa/Anti_Paratroopa/Content/StarterContent/Textures/T_Metal_Steel_D.uasset" 604
"../../../../../Programming/Anti-Paratroopa/Anti_Paratroopa/Content/StarterContent/Textures/T_Metal_Steel_N.uasset" 605
"../../../../../Programming/Anti-Paratroopa/Anti_Paratroopa/Content/StarterContent/Materials/M_Metal_Steel.uasset" 606
"../../../../../Programming/Anti-Paratroopa/Anti_Paratroopa/Content/StarterContent/Textures/T_Rock_Basalt_N.uasset" 607
"../../../../../Programming/Anti-Paratroopa/Anti_Paratroopa/Content/StarterContent/Materials/M_Rock_Basalt.uasset" 608
"../../../../../Programming/Anti-Paratroopa/Anti_Paratroopa/Content/StarterContent/Materials/M_Rock_Marble_Polished.uasset" 609
"../../../../../Programming/Anti-Paratroopa/Anti_Paratroopa/Content/StarterContent/Textures/T_Rock_Slate_D.uasset" 610
"../../../../../Programming/Anti-Paratroopa/Anti_Paratroopa/Content/StarterContent/Textures/T_Rock_Slate_N.uasset" 611
"../../../../../Programming/Anti-Paratroopa/Anti_Paratroopa/Content/StarterContent/Materials/M_Rock_Slate.uasset" 612
"../../../../../Programming/Anti-Paratroopa/Anti_Paratroopa/Content/StarterContent/Textures/T_Checker_Noise_M.uasset" 613
"../../../../../Programming/Anti-Paratroopa/Anti_Paratroopa/Content/StarterContent/Textures/T_Single_Tile_N.uasset" 614
"../../../../../Programming/Anti-Paratroopa/Anti_Paratroopa/Content/StarterContent/Textures/T_Tech_Dot_M.uasset" 615
"../../../../../Programming/Anti-Paratroopa/Anti_Paratroopa/Content/StarterContent/Textures/T_Tech_Dot_N.uasset" 616
"../../../../../Programming/Anti-Paratroopa/Anti_Paratroopa/Content/StarterContent/Materials/M_Tech_Checker_Dot.uasset" 617
"../../../../../Programming/Anti-Paratroopa/Anti_Paratroopa/Content/StarterContent/Textures/T_Tech_Hex_Tile_M.uasset" 618
"../../../../../Programming/Anti-Paratroopa/Anti_Paratroopa/Content/StarterContent/Textures/T_Tech_Hex_Tile_N.uasset" 619
"../../../../../Programming/Anti-Paratroopa/Anti_Paratroopa/Content/StarterContent/Materials/M_Tech_Hex_Tile.uasset" 620
"../../../../../Programming/Anti-Paratroopa/Anti_Paratroopa/Content/StarterContent/Materials/M_Tech_Hex_Tile_Pulse.uasset" 621
"../../../../../Programming/Anti-Paratroopa/Anti_Paratroopa/Content/StarterContent/Textures/T_Tech_Panel_M.uasset" 622
"../../../../../Programming/Anti-Paratroopa/Anti_Paratroopa/Content/StarterContent/Textures/T_Tech_Panel_N.uasset" 623
"../../../../../Programming/Anti-Paratroopa/Anti_Paratroopa/Content/StarterContent/Materials/M_Tech_Panel.uasset" 624
"../../../../../Programming/Anti-Paratroopa/Anti_Paratroopa/Content/StarterContent/Materials/M_Water_Lake.uasset" 625
"../../../../../Programming/Anti-Paratroopa/Anti_Paratroopa/Content/StarterContent/Textures/T_Water_M.uasset" 626
"../../../../../Programming/Anti-Paratroopa/Anti_Paratroopa/Content/StarterContent/Materials/M_Water_Ocean.uasset" 627
"../../../../../Programming/Anti-Paratroopa/Anti_Paratroopa/Content/StarterContent/Textures/T_Wood_Floor_Walnut_D.uasset" 628
"../../../../../Programming/Anti-Paratroopa/Anti_Paratroopa/Content/StarterContent/Textures/T_Wood_Floor_Walnut_M.uasset" 629
"../../../../../Programming/Anti-Paratroopa/Anti_Paratroopa/Content/StarterContent/Textures/T_Wood_Floor_Walnut_N.uasset" 630
"../../../../../Programming/Anti-Paratroopa/Anti_Paratroopa/Content/StarterContent/Materials/M_Wood_Floor_Walnut_Polished.uasset" 631
"../../../Engine/Content/Functions/Engine_MaterialFunctions01/Opacity/AlphaOffset.uasset" 632
"../../../../../Programming/Anti-Paratroopa/Anti_Paratroopa/Content/StarterContent/Materials/M_Wood_Floor_Walnut_Worn.uasset" 633
"../../../../../Programming/Anti-Paratroopa/Anti_Paratroopa/Content/StarterContent/Textures/T_Wood_Oak_D.uasset" 634
"../../../../../Programming/Anti-Paratroopa/Anti_Paratroopa/Content/StarterContent/Textures/T_Wood_Oak_N.uasset" 635
"../../../../../Programming/Anti-Paratroopa/Anti_Paratroopa/Content/StarterContent/Materials/M_Wood_Oak.uasset" 636
"../../../../../Programming/Anti-Paratroopa/Anti_Paratroopa/Content/StarterContent/Textures/T_Wood_Pine_D.uasset" 637
"../../../../../Programming/Anti-Paratroopa/Anti_Paratroopa/Content/StarterContent/Textures/T_Wood_Pine_N.uasset" 638
"../../../../../Programming/Anti-Paratroopa/Anti_Paratroopa/Content/StarterContent/Materials/M_Wood_Pine.uasset" 639
"../../../../../Programming/Anti-Paratroopa/Anti_Paratroopa/Content/StarterContent/Textures/T_Wood_Walnut_D.uasset" 640
"../../../../../Programming/Anti-Paratroopa/Anti_Paratroopa/Content/StarterContent/Textures/T_Wood_Walnut_N.uasset" 641
"../../../../../Programming/Anti-Paratroopa/Anti_Paratroopa/Content/StarterContent/Materials/M_Wood_Walnut.uasset" 642
"../../../../../Programming/Anti-Paratroopa/Anti_Paratroopa/Content/StarterContent/Architecture/Wall_400x200.uasset" 643
"../../../../../Programming/Anti-Paratroopa/Anti_Paratroopa/Content/StarterContent/Architecture/Wall_Door_400x300.uasset" 644
"../../../../../Programming/Anti-Paratroopa/Anti_Paratroopa/Content/StarterContent/Architecture/Wall_Window_400x300.uasset" 645
"../../../../../Programming/Anti-Paratroopa/Anti_Paratroopa/Content/StarterContent/Audio/Collapse_Cue.uasset" 646
"../../../../../Programming/Anti-Paratroopa/Anti_Paratroopa/Content/StarterContent/Audio/Starter_Music_Cue.uasset" 647
"../../../../../Programming/Anti-Paratroopa/Anti_Paratroopa/Content/StarterContent/Textures/T_Dust_Particle_D.uasset" 648
"../../../../../Programming/Anti-Paratroopa/Anti_Paratroopa/Content/StarterContent/Particles/Materials/M_Dust_Particle.uasset" 649
"../../../../../Programming/Anti-Paratroopa/Anti_Paratroopa/Content/StarterContent/Particles/P_Ambient_Dust.uasset" 650
"../../../../../Programming/Anti-Paratroopa/Anti_Paratroopa/Content/StarterContent/Props/MaterialSphere.uasset" 651
"../../../../../Programming/Anti-Paratroopa/Anti_Paratroopa/Content/StarterContent/Textures/T_Frame_M.uasset" 652
"../../../../../Programming/Anti-Paratroopa/Anti_Paratroopa/Content/StarterContent/Textures/T_Frame_N.uasset" 653
"../../../../../Programming/Anti-Paratroopa/Anti_Paratroopa/Content/StarterContent/Props/Materials/M_Frame.uasset" 654
"../../../../../Programming/Anti-Paratroopa/Anti_Paratroopa/Content/StarterContent/Props/SM_CornerFrame.uasset" 655
"../../../../../Programming/Anti-Paratroopa/Anti_Paratroopa/Content/StarterContent/Props/SM_DoorFrame.uasset" 656
"../../../../../Programming/Anti-Paratroopa/Anti_Paratroopa/Content/StarterContent/Props/SM_GlassWindow.uasset" 657
"../../../../../Programming/Anti-Paratroopa/Anti_Paratroopa/Content/StarterContent/Props/SM_PillarFrame.uasset" 658
"../../../../../Programming/Anti-Paratroopa/Anti_Paratroopa/Content/StarterContent/Props/SM_PillarFrame300.uasset" 659
"../../../../../Programming/Anti-Paratroopa/Anti_Paratroopa/Content/StarterContent/Props/SM_WindowFrame.uasset" 660
"../../../../../Programming/Anti-Paratroopa/Anti_Paratroopa/Content/StarterContent/Shapes/Shape_Cube.uasset" 661
"../../../../../Programming/Anti-Paratroopa/Anti_Paratroopa/Content/StarterContent/Shapes/Shape_QuadPyramid.uasset" 662
"../../../../../Programming/Anti-Paratroopa/Anti_Paratroopa/Content/StarterContent/Maps/StarterMap.umap" 663
